生成启动时间为 2016/6/30 21:45:44。
     1>项目“D:\VC++课设\MFCBook\MFCBook\MFCBook.vcxproj”在节点 2 上(Build 个目标)。
     1>ClCompile:
         C:\Program Files (x86)\Microsoft Visual Studio 12.0\VC\bin\CL.exe /c /ZI /nologo /W3 /WX- /sdl /Od /Oy- /D WIN32 /D _WINDOWS /D _DEBUG /D _UNICODE /D UNICODE /D _AFXDLL /Gm /EHsc /RTC1 /MDd /GS /fp:precise /Zc:wchar_t /Zc:forScope /Yu"stdafx.h" /Fp"Debug\MFCBook.pch" /Fo"Debug\\" /Fd"Debug\vc120.pdb" /Gd /TP /analyze- /errorReport:prompt DialogBookMsg.cpp
         DialogBookMsg.cpp
       Link:
         C:\Program Files (x86)\Microsoft Visual Studio 12.0\VC\bin\link.exe /ERRORREPORT:PROMPT /OUT:"D:\VC++课设\MFCBook\Debug\MFCBook.exe" /INCREMENTAL /NOLOGO /MANIFEST /MANIFESTUAC:"level='asInvoker' uiAccess='false'" /manifest:embed /manifestinput:"C:\Program Files (x86)\Microsoft Visual Studio 12.0\VC\Include\Manifest\dpiaware.manifest" /DEBUG /PDB:"D:\VC++课设\MFCBook\Debug\MFCBook.pdb" /SUBSYSTEM:WINDOWS /TLBID:1 /ENTRY:"wWinMainCRTStartup" /DYNAMICBASE /NXCOMPAT /IMPLIB:"D:\VC++课设\MFCBook\Debug\MFCBook.lib" /MACHINE:X86 Debug\MFCBook.res
         Debug\ADOConn.obj
         Debug\DialogAddAdmin.obj
         Debug\DialogAddReader.obj
         Debug\DialogAdminMain.obj
         Debug\DialogBookMsg.obj
         Debug\DialogBorrowBookDlg.obj
         Debug\DialogDelAdmin.obj
         Debug\DialogDelReader.obj
         Debug\DialogLogin.obj
         Debug\DialogMGTBookType.obj
         Debug\DialogReturnBook.obj
         Debug\MFCBook.obj
         Debug\MFCBookDlg.obj
         Debug\stdafx.obj
         MFCBook.vcxproj -> D:\VC++课设\MFCBook\Debug\MFCBook.exe
     1>已完成生成项目“D:\VC++课设\MFCBook\MFCBook\MFCBook.vcxproj”(Build 个目标)的操作。

生成成功。

已用时间 00:02:20.99
